-------------------------------------------------------------------------------
Test set: MyMaven.ABC.xyzTest
-------------------------------------------------------------------------------
Tests run: 2, Failures: 1, Errors: 0, Skipped: 1, Time elapsed: 0.52 s <<< FAILURE! - in MyMaven.ABC.xyzTest
MyMaven.ABC.xyzTest.setup  Time elapsed: 0.314 s  <<< FAILURE!
org.testng.TestNGException: 

Parameter 'browser' is required by @Configuration on method setup but has not been marked @Optional or defined


